<?xml version="1.0" encoding="UTF-8"?>
<coverage generated="1701373284020" clover="3.2.0">
  <project timestamp="1701373284020" name="All files">
    <metrics statements="45" coveredstatements="40" conditionals="19" coveredconditionals="15" methods="4" coveredmethods="2" elements="68" coveredelements="57" complexity="0" loc="45" ncloc="45" packages="1" files="2" classes="2"/>
    <file name="highlight-yaml.js" path="/Users/zane/playground/liquid-labs/http-smart-response/src/highlight-yaml.js">
      <metrics statements="19" coveredstatements="19" conditionals="5" coveredconditionals="5" methods="1" coveredmethods="1"/>
      <line num="1" count="1" type="stmt"/>
      <line num="2" count="1" type="stmt"/>
      <line num="3" count="1" type="stmt"/>
      <line num="4" count="1" type="stmt"/>
      <line num="5" count="1" type="stmt"/>
      <line num="7" count="1" type="stmt"/>
      <line num="8" count="16" type="stmt"/>
      <line num="9" count="16" type="cond" truecount="3" falsecount="0"/>
      <line num="10" count="1" type="stmt"/>
      <line num="12" count="16" type="cond" truecount="1" falsecount="0"/>
      <line num="13" count="12" type="stmt"/>
      <line num="14" count="12" type="stmt"/>
      <line num="16" count="16" type="cond" truecount="1" falsecount="0"/>
      <line num="17" count="1" type="stmt"/>
      <line num="18" count="1" type="stmt"/>
      <line num="21" count="16" type="stmt"/>
      <line num="23" count="16" type="stmt"/>
      <line num="26" count="1" type="stmt"/>
      <line num="27" count="1" type="stmt"/>
    </file>
    <file name="http-smart-response.mjs" path="/Users/zane/playground/liquid-labs/http-smart-response/src/http-smart-response.mjs">
      <metrics statements="26" coveredstatements="21" conditionals="14" coveredconditionals="10" methods="3" coveredmethods="1"/>
      <line num="1" count="1" type="stmt"/>
      <line num="2" count="1" type="stmt"/>
      <line num="4" count="1" type="stmt"/>
      <line num="6" count="1" type="stmt"/>
      <line num="8" count="1" type="stmt"/>
      <line num="16" count="1" type="stmt"/>
      <line num="18" count="1" type="stmt"/>
      <line num="30" count="1" type="stmt"/>
      <line num="33" count="0" type="cond" truecount="0" falsecount="1"/>
      <line num="34" count="0" type="cond" truecount="0" falsecount="1"/>
      <line num="38" count="4" type="stmt"/>
      <line num="40" count="4" type="cond" truecount="1" falsecount="0"/>
      <line num="41" count="1" type="stmt"/>
      <line num="42" count="1" type="stmt"/>
      <line num="45" count="3" type="stmt"/>
      <line num="47" count="3" type="cond" truecount="3" falsecount="0"/>
      <line num="48" count="2" type="cond" truecount="0" falsecount="1"/>
      <line num="49" count="0" type="stmt"/>
      <line num="50" count="0" type="stmt"/>
      <line num="51" count="0" type="stmt"/>
      <line num="54" count="2" type="stmt"/>
      <line num="57" count="3" type="cond" truecount="2" falsecount="1"/>
      <line num="58" count="3" type="cond" truecount="2" falsecount="0"/>
      <line num="61" count="3" type="stmt"/>
      <line num="63" count="3" type="stmt"/>
      <line num="64" count="1" type="stmt"/>
    </file>
  </project>
</coverage>
